\BOOKMARK [1][-]{section.1}{Problema 1 - Plan de vuelo}{}% 1
\BOOKMARK [2][-]{subsection.1.1}{Descripci\363n del problema a resolver}{section.1}% 2
\BOOKMARK [2][-]{subsection.1.2}{Ideas desarrolladas para la resoluci\363n}{section.1}% 3
\BOOKMARK [2][-]{subsection.1.3}{Justificaci\363n de cota de complejidad}{section.1}% 4
\BOOKMARK [2][-]{subsection.1.4}{Testeos de complejidad}{section.1}% 5
\BOOKMARK [2][-]{subsection.1.5}{Adicionales}{section.1}% 6
\BOOKMARK [1][-]{section.2}{Problema 2- Caballos salvajes}{}% 7
\BOOKMARK [2][-]{subsection.2.1}{Descripci\363n del problema}{section.2}% 8
\BOOKMARK [2][-]{subsection.2.2}{Ideas para la resoluci\363n}{section.2}% 9
\BOOKMARK [2][-]{subsection.2.3}{Demostraci\363n de correctitud}{section.2}% 10
\BOOKMARK [2][-]{subsection.2.4}{Demostraci\363n de complejidad}{section.2}% 11
\BOOKMARK [2][-]{subsection.2.5}{Tests de complejidad}{section.2}% 12
\BOOKMARK [2][-]{subsection.2.6}{Adicionales}{section.2}% 13
\BOOKMARK [2][-]{subsection.2.7}{Ap\351ndice: C\363digo relevante}{section.2}% 14
\BOOKMARK [1][-]{section.3}{Problema 3 - La comunidad del anillo}{}% 15
\BOOKMARK [2][-]{subsection.3.1}{Descripci\363n del problema a resolver}{section.3}% 16
\BOOKMARK [2][-]{subsection.3.2}{Ideas desarrolladas para la resoluci\363n}{section.3}% 17
\BOOKMARK [2][-]{subsection.3.3}{Demostraci\363n de Correctitud}{section.3}% 18
\BOOKMARK [2][-]{subsection.3.4}{Justificaci\363n de cota de complejidad}{section.3}% 19
\BOOKMARK [2][-]{subsection.3.5}{Testeos de complejidad}{section.3}% 20
\BOOKMARK [2][-]{subsection.3.6}{Adicionales}{section.3}% 21
